c:\users\chaojun_che\desktop\live555\live555\usageenvironment\x64\debug\usageenvironment.pch
c:\users\chaojun_che\desktop\live555\live555\usageenvironment\x64\debug\usageenvironment.pdb
c:\users\chaojun_che\desktop\live555\live555\usageenvironment\x64\debug\usageenvironment.idb
c:\users\chaojun_che\desktop\live555\live555\usageenvironment\x64\debug\stdafx.obj
c:\users\chaojun_che\desktop\live555\live555\usageenvironment\x64\debug\usageenvironment.obj
c:\users\chaojun_che\desktop\live555\live555\usageenvironment\x64\debug\strdup.obj
c:\users\chaojun_che\desktop\live555\live555\usageenvironment\x64\debug\hashtable.obj
c:\users\chaojun_che\desktop\ipcamera\live555\live555\usageenvironment\x64\debug\usageenvironment.pch
c:\users\chaojun_che\desktop\ipcamera\live555\live555\usageenvironment\x64\debug\usageenvironment.pdb
c:\users\chaojun_che\desktop\ipcamera\live555\live555\usageenvironment\x64\debug\usageenvironment.idb
c:\users\chaojun_che\desktop\ipcamera\live555\live555\usageenvironment\x64\debug\stdafx.obj
c:\users\chaojun_che\desktop\live555\live555\x64\debug\usageenvironment.lib
c:\users\chaojun_che\desktop\ipcamera\live555\live555\usageenvironment\x64\debug\hashtable.obj
c:\users\chaojun_che\desktop\ipcamera\live555\live555\usageenvironment\x64\debug\strdup.obj
c:\users\chaojun_che\desktop\ipcamera\live555\live555\usageenvironment\x64\debug\usageenvironment.obj
c:\users\chaojun_che\desktop\ipcamera\live555\live555\x64\debug\usageenvironment.pdb
c:\users\chaojun_che\desktop\ipcamera\live555\live555\x64\debug\usageenvironment.lib
c:\users\chaojun_che\desktop\ipcamera\live555\live555\usageenvironment\x64\debug\usageenvironment.tlog\cl.command.1.tlog
c:\users\chaojun_che\desktop\ipcamera\live555\live555\usageenvironment\x64\debug\usageenvironment.tlog\cl.read.1.tlog
c:\users\chaojun_che\desktop\ipcamera\live555\live555\usageenvironment\x64\debug\usageenvironment.tlog\cl.write.1.tlog
c:\users\chaojun_che\desktop\ipcamera\live555\live555\usageenvironment\x64\debug\usageenvironment.tlog\lib-link.read.1.tlog
c:\users\chaojun_che\desktop\ipcamera\live555\live555\usageenvironment\x64\debug\usageenvironment.tlog\lib-link.write.1.tlog
c:\users\chaojun_che\desktop\ipcamera\live555\live555\usageenvironment\x64\debug\usageenvironment.tlog\lib.command.1.tlog
