c:\users\chaojun_che\desktop\live555\live555\groupsock\x64\debug\groupsock.pdb
c:\users\chaojun_che\desktop\live555\live555\groupsock\x64\debug\groupsock.idb
c:\users\chaojun_che\desktop\live555\live555\groupsock\x64\debug\groupsockhelper.obj
c:\users\chaojun_che\desktop\live555\live555\groupsock\x64\debug\groupsock.obj
c:\users\chaojun_che\desktop\live555\live555\groupsock\x64\debug\groupsock.pch
c:\users\chaojun_che\desktop\live555\live555\groupsock\x64\debug\stdafx.obj
c:\users\chaojun_che\desktop\live555\live555\groupsock\x64\debug\netinterface.obj
c:\users\chaojun_che\desktop\live555\live555\groupsock\x64\debug\netaddress.obj
c:\users\chaojun_che\desktop\live555\live555\groupsock\x64\debug\iohandlers.obj
c:\users\chaojun_che\desktop\live555\live555\groupsock\x64\debug\groupeid.obj
c:\users\chaojun_che\desktop\live555\live555\groupsock\x64\debug\inet.obj
c:\users\chaojun_che\desktop\ipcamera\live555\live555\groupsock\x64\debug\groupsock.pch
c:\users\chaojun_che\desktop\ipcamera\live555\live555\groupsock\x64\debug\groupsock.pdb
c:\users\chaojun_che\desktop\ipcamera\live555\live555\groupsock\x64\debug\groupsock.idb
c:\users\chaojun_che\desktop\ipcamera\live555\live555\groupsock\x64\debug\stdafx.obj
c:\users\chaojun_che\desktop\live555\live555\x64\debug\groupsock.lib
c:\users\chaojun_che\desktop\ipcamera\live555\live555\groupsock\x64\debug\groupeid.obj
c:\users\chaojun_che\desktop\ipcamera\live555\live555\groupsock\x64\debug\groupsock.obj
c:\users\chaojun_che\desktop\ipcamera\live555\live555\groupsock\x64\debug\groupsockhelper.obj
c:\users\chaojun_che\desktop\ipcamera\live555\live555\groupsock\x64\debug\inet.obj
c:\users\chaojun_che\desktop\ipcamera\live555\live555\groupsock\x64\debug\iohandlers.obj
c:\users\chaojun_che\desktop\ipcamera\live555\live555\groupsock\x64\debug\netaddress.obj
c:\users\chaojun_che\desktop\ipcamera\live555\live555\groupsock\x64\debug\netinterface.obj
c:\users\chaojun_che\desktop\ipcamera\live555\live555\x64\debug\groupsock.pdb
c:\users\chaojun_che\desktop\ipcamera\live555\live555\x64\debug\groupsock.lib
c:\users\chaojun_che\desktop\ipcamera\live555\live555\groupsock\x64\debug\groupsock.tlog\cl.command.1.tlog
c:\users\chaojun_che\desktop\ipcamera\live555\live555\groupsock\x64\debug\groupsock.tlog\cl.read.1.tlog
c:\users\chaojun_che\desktop\ipcamera\live555\live555\groupsock\x64\debug\groupsock.tlog\cl.write.1.tlog
c:\users\chaojun_che\desktop\ipcamera\live555\live555\groupsock\x64\debug\groupsock.tlog\lib-link.read.1.tlog
c:\users\chaojun_che\desktop\ipcamera\live555\live555\groupsock\x64\debug\groupsock.tlog\lib-link.write.1.tlog
c:\users\chaojun_che\desktop\ipcamera\live555\live555\groupsock\x64\debug\groupsock.tlog\lib.command.1.tlog
