c:\users\chaojun_che\desktop\live555\live555\livemedia\x64\debug\livemedia.pch
c:\users\chaojun_che\desktop\live555\live555\livemedia\x64\debug\livemedia.pdb
c:\users\chaojun_che\desktop\live555\live555\livemedia\x64\debug\livemedia.idb
c:\users\chaojun_che\desktop\live555\live555\livemedia\x64\debug\stdafx.obj
c:\users\chaojun_che\desktop\live555\live555\livemedia\x64\debug\bytestreamfilesource.obj
c:\users\chaojun_che\desktop\live555\live555\livemedia\x64\debug\bitvector.obj
c:\users\chaojun_che\desktop\live555\live555\livemedia\x64\debug\basicudpsource.obj
c:\users\chaojun_che\desktop\live555\live555\livemedia\x64\debug\basicudpsink.obj
c:\users\chaojun_che\desktop\live555\live555\livemedia\x64\debug\base64.obj
c:\users\chaojun_che\desktop\live555\live555\livemedia\x64\debug\avifilesink.obj
c:\users\chaojun_che\desktop\live555\live555\livemedia\x64\debug\audiortpsink.obj
c:\users\chaojun_che\desktop\live555\live555\livemedia\x64\debug\audioinputdevice.obj
c:\users\chaojun_che\desktop\live555\live555\livemedia\x64\debug\amraudiosource.obj
c:\users\chaojun_che\desktop\live555\live555\livemedia\x64\debug\amraudiortpsource.obj
c:\users\chaojun_che\desktop\live555\live555\livemedia\x64\debug\amraudiortpsink.obj
c:\users\chaojun_che\desktop\live555\live555\livemedia\x64\debug\amraudiofilesource.obj
c:\users\chaojun_che\desktop\live555\live555\livemedia\x64\debug\amraudiofilesink.obj
c:\users\chaojun_che\desktop\live555\live555\livemedia\x64\debug\amraudiofileservermediasubsession.obj
c:\users\chaojun_che\desktop\live555\live555\livemedia\x64\debug\adtsaudiofilesource.obj
c:\users\chaojun_che\desktop\live555\live555\livemedia\x64\debug\adtsaudiofileservermediasubsession.obj
c:\users\chaojun_che\desktop\live555\live555\livemedia\x64\debug\ac3audiostreamframer.obj
c:\users\chaojun_che\desktop\live555\live555\livemedia\x64\debug\ac3audiortpsource.obj
c:\users\chaojun_che\desktop\live555\live555\livemedia\x64\debug\ac3audiortpsink.obj
c:\users\chaojun_che\desktop\live555\live555\livemedia\x64\debug\ac3audiofileservermediasubsession.obj
c:\users\chaojun_che\desktop\live555\live555\livemedia\x64\debug\h263plusvideortpsource.obj
c:\users\chaojun_che\desktop\live555\live555\livemedia\x64\debug\h263plusvideortpsink.obj
c:\users\chaojun_che\desktop\live555\live555\livemedia\x64\debug\h263plusvideofileservermediasubsession.obj
c:\users\chaojun_che\desktop\live555\live555\livemedia\x64\debug\h261videortpsource.obj
c:\users\chaojun_che\desktop\live555\live555\livemedia\x64\debug\gsmaudiortpsink.obj
c:\users\chaojun_che\desktop\live555\live555\livemedia\x64\debug\genericmediaserver.obj
c:\users\chaojun_che\desktop\live555\live555\livemedia\x64\debug\framedsource.obj
c:\users\chaojun_che\desktop\live555\live555\livemedia\x64\debug\framedfilter.obj
c:\users\chaojun_che\desktop\live555\live555\livemedia\x64\debug\framedfilesource.obj
c:\users\chaojun_che\desktop\live555\live555\livemedia\x64\debug\filesink.obj
c:\users\chaojun_che\desktop\live555\live555\livemedia\x64\debug\fileservermediasubsession.obj
c:\users\chaojun_che\desktop\live555\live555\livemedia\x64\debug\ebmlnumber.obj
c:\users\chaojun_che\desktop\live555\live555\livemedia\x64\debug\dvvideostreamframer.obj
c:\users\chaojun_che\desktop\live555\live555\livemedia\x64\debug\dvvideortpsource.obj
c:\users\chaojun_che\desktop\live555\live555\livemedia\x64\debug\dvvideortpsink.obj
c:\users\chaojun_che\desktop\live555\live555\livemedia\x64\debug\dvvideofileservermediasubsession.obj
c:\users\chaojun_che\desktop\live555\live555\livemedia\x64\debug\digestauthentication.obj
c:\users\chaojun_che\desktop\live555\live555\livemedia\x64\debug\devicesource.obj
c:\users\chaojun_che\desktop\live555\live555\livemedia\x64\debug\bytestreammultifilesource.obj
c:\users\chaojun_che\desktop\live555\live555\livemedia\x64\debug\bytestreammemorybuffersource.obj
c:\users\chaojun_che\desktop\live555\live555\livemedia\x64\debug\inputfile.obj
c:\users\chaojun_che\desktop\live555\live555\livemedia\x64\debug\hlssegmenter.obj
c:\users\chaojun_che\desktop\live555\live555\livemedia\x64\debug\h265videostreamframer.obj
c:\users\chaojun_che\desktop\live555\live555\livemedia\x64\debug\h265videostreamdiscreteframer.obj
c:\users\chaojun_che\desktop\live555\live555\livemedia\x64\debug\h265videortpsource.obj
c:\users\chaojun_che\desktop\live555\live555\livemedia\x64\debug\h265videortpsink.obj
c:\users\chaojun_che\desktop\live555\live555\livemedia\x64\debug\h265videofilesink.obj
c:\users\chaojun_che\desktop\live555\live555\livemedia\x64\debug\h265videofileservermediasubsession.obj
c:\users\chaojun_che\desktop\live555\live555\livemedia\x64\debug\h264videostreamframer.obj
c:\users\chaojun_che\desktop\live555\live555\livemedia\x64\debug\h264videostreamdiscreteframer.obj
c:\users\chaojun_che\desktop\live555\live555\livemedia\x64\debug\h264videortpsource.obj
c:\users\chaojun_che\desktop\live555\live555\livemedia\x64\debug\h264videortpsink.obj
c:\users\chaojun_che\desktop\live555\live555\livemedia\x64\debug\h264videofilesink.obj
c:\users\chaojun_che\desktop\live555\live555\livemedia\x64\debug\h264videofileservermediasubsession.obj
c:\users\chaojun_che\desktop\live555\live555\livemedia\x64\debug\h264or5videostreamframer.obj
c:\users\chaojun_che\desktop\live555\live555\livemedia\x64\debug\h264or5videostreamdiscreteframer.obj
c:\users\chaojun_che\desktop\live555\live555\livemedia\x64\debug\h264or5videortpsink.obj
c:\users\chaojun_che\desktop\live555\live555\livemedia\x64\debug\h264or5videofilesink.obj
c:\users\chaojun_che\desktop\live555\live555\livemedia\x64\debug\h263plusvideostreamparser.obj
c:\users\chaojun_che\desktop\live555\live555\livemedia\x64\debug\h263plusvideostreamframer.obj
c:\users\chaojun_che\desktop\live555\live555\livemedia\x64\debug\mp3adurtpsource.obj
c:\users\chaojun_che\desktop\live555\live555\livemedia\x64\debug\mp3adurtpsink.obj
c:\users\chaojun_che\desktop\live555\live555\livemedia\x64\debug\mp3aduinterleaving.obj
c:\users\chaojun_che\desktop\live555\live555\livemedia\x64\debug\mp3adudescriptor.obj
c:\users\chaojun_che\desktop\live555\live555\livemedia\x64\debug\mp3adu.obj
c:\users\chaojun_che\desktop\live555\live555\livemedia\x64\debug\mediasource.obj
c:\users\chaojun_che\desktop\live555\live555\livemedia\x64\debug\mediasink.obj
c:\users\chaojun_che\desktop\live555\live555\livemedia\x64\debug\mediasession.obj
c:\users\chaojun_che\desktop\live555\live555\livemedia\x64\debug\media.obj
c:\users\chaojun_che\desktop\live555\live555\livemedia\x64\debug\matroskafileservermediasubsession.obj
c:\users\chaojun_che\desktop\live555\live555\livemedia\x64\debug\matroskafileserverdemux.obj
c:\users\chaojun_che\desktop\live555\live555\livemedia\x64\debug\matroskafileparser.obj
c:\users\chaojun_che\desktop\live555\live555\livemedia\x64\debug\matroskafile.obj
c:\users\chaojun_che\desktop\live555\live555\livemedia\x64\debug\matroskademuxedtrack.obj
c:\users\chaojun_che\desktop\live555\live555\livemedia\x64\debug\locale.obj
c:\users\chaojun_che\desktop\live555\live555\livemedia\x64\debug\jpegvideosource.obj
c:\users\chaojun_che\desktop\live555\live555\livemedia\x64\debug\jpegvideortpsource.obj
c:\users\chaojun_che\desktop\live555\live555\livemedia\x64\debug\jpegvideortpsink.obj
c:\users\chaojun_che\desktop\live555\live555\livemedia\x64\debug\jpeg2000videortpsource.obj
c:\users\chaojun_che\desktop\live555\live555\livemedia\x64\debug\jpeg2000videortpsink.obj
c:\users\chaojun_che\desktop\live555\live555\livemedia\x64\debug\mpeg1or2videostreamdiscreteframer.obj
c:\users\chaojun_che\desktop\live555\live555\livemedia\x64\debug\mpeg1or2videortpsource.obj
c:\users\chaojun_che\desktop\live555\live555\livemedia\x64\debug\mpeg1or2videortpsink.obj
c:\users\chaojun_che\desktop\live555\live555\livemedia\x64\debug\mpeg1or2videofileservermediasubsession.obj
c:\users\chaojun_che\desktop\live555\live555\livemedia\x64\debug\mpeg1or2fileserverdemux.obj
c:\users\chaojun_che\desktop\live555\live555\livemedia\x64\debug\mpeg1or2demuxedservermediasubsession.obj
c:\users\chaojun_che\desktop\live555\live555\livemedia\x64\debug\mpeg1or2demuxedelementarystream.obj
c:\users\chaojun_che\desktop\live555\live555\livemedia\x64\debug\mpeg1or2demux.obj
c:\users\chaojun_che\desktop\live555\live555\livemedia\x64\debug\mpeg1or2audiostreamframer.obj
c:\users\chaojun_che\desktop\live555\live555\livemedia\x64\debug\mpeg1or2audiortpsource.obj
c:\users\chaojun_che\desktop\live555\live555\livemedia\x64\debug\mpeg1or2audiortpsink.obj
c:\users\chaojun_che\desktop\live555\live555\livemedia\x64\debug\mp3transcoder.obj
c:\users\chaojun_che\desktop\live555\live555\livemedia\x64\debug\mp3streamstate.obj
c:\users\chaojun_che\desktop\live555\live555\livemedia\x64\debug\mp3internalshuffmantable.obj
c:\users\chaojun_che\desktop\live555\live555\livemedia\x64\debug\mp3internalshuffman.obj
c:\users\chaojun_che\desktop\live555\live555\livemedia\x64\debug\mp3internals.obj
c:\users\chaojun_che\desktop\live555\live555\livemedia\x64\debug\mp3filesource.obj
c:\users\chaojun_che\desktop\live555\live555\livemedia\x64\debug\mp3audiomatroskafileservermediasubsession.obj
c:\users\chaojun_che\desktop\live555\live555\livemedia\x64\debug\mp3audiofileservermediasubsession.obj
c:\users\chaojun_che\desktop\live555\live555\livemedia\x64\debug\mp3adutranscoder.obj
c:\users\chaojun_che\desktop\live555\live555\livemedia\x64\debug\mpeg4genericrtpsink.obj
c:\users\chaojun_che\desktop\live555\live555\livemedia\x64\debug\mpeg4esvideortpsource.obj
c:\users\chaojun_che\desktop\live555\live555\livemedia\x64\debug\mpeg4esvideortpsink.obj
c:\users\chaojun_che\desktop\live555\live555\livemedia\x64\debug\mpeg2transportudpservermediasubsession.obj
c:\users\chaojun_che\desktop\live555\live555\livemedia\x64\debug\mpeg2transportstreamtrickmodefilter.obj
c:\users\chaojun_che\desktop\live555\live555\livemedia\x64\debug\mpeg2transportstreamparser_stream.obj
c:\users\chaojun_che\desktop\live555\live555\livemedia\x64\debug\mpeg2transportstreamparser_pmt.obj
c:\users\chaojun_che\desktop\live555\live555\livemedia\x64\debug\mpeg2transportstreamparser_pat.obj
c:\users\chaojun_che\desktop\live555\live555\livemedia\x64\debug\mpeg2transportstreamparser.obj
c:\users\chaojun_che\desktop\live555\live555\livemedia\x64\debug\mpeg2transportstreammultiplexor.obj
c:\users\chaojun_che\desktop\live555\live555\livemedia\x64\debug\mpeg2transportstreamindexfile.obj
c:\users\chaojun_che\desktop\live555\live555\livemedia\x64\debug\mpeg2transportstreamfrompessource.obj
c:\users\chaojun_che\desktop\live555\live555\livemedia\x64\debug\mpeg2transportstreamfromessource.obj
c:\users\chaojun_che\desktop\live555\live555\livemedia\x64\debug\mpeg2transportstreamframer.obj
c:\users\chaojun_che\desktop\live555\live555\livemedia\x64\debug\mpeg2transportstreamdemuxedtrack.obj
c:\users\chaojun_che\desktop\live555\live555\livemedia\x64\debug\mpeg2transportstreamdemux.obj
c:\users\chaojun_che\desktop\live555\live555\livemedia\x64\debug\mpeg2transportstreamaccumulator.obj
c:\users\chaojun_che\desktop\live555\live555\livemedia\x64\debug\mpeg2transportfileservermediasubsession.obj
c:\users\chaojun_che\desktop\live555\live555\livemedia\x64\debug\mpeg2indexfromtransportstream.obj
c:\users\chaojun_che\desktop\live555\live555\livemedia\x64\debug\mpeg1or2videostreamframer.obj
c:\users\chaojun_che\desktop\live555\live555\livemedia\x64\debug\passiveservermediasubsession.obj
c:\users\chaojun_che\desktop\live555\live555\livemedia\x64\debug\outputfile.obj
c:\users\chaojun_che\desktop\live555\live555\livemedia\x64\debug\ourmd5.obj
c:\users\chaojun_che\desktop\live555\live555\livemedia\x64\debug\ondemandservermediasubsession.obj
c:\users\chaojun_che\desktop\live555\live555\livemedia\x64\debug\oggfilesink.obj
c:\users\chaojun_che\desktop\live555\live555\livemedia\x64\debug\oggfileservermediasubsession.obj
c:\users\chaojun_che\desktop\live555\live555\livemedia\x64\debug\oggfileserverdemux.obj
c:\users\chaojun_che\desktop\live555\live555\livemedia\x64\debug\oggfileparser.obj
c:\users\chaojun_che\desktop\live555\live555\livemedia\x64\debug\oggfile.obj
c:\users\chaojun_che\desktop\live555\live555\livemedia\x64\debug\oggdemuxedtrack.obj
c:\users\chaojun_che\desktop\live555\live555\livemedia\x64\debug\multiframedrtpsource.obj
c:\users\chaojun_che\desktop\live555\live555\livemedia\x64\debug\multiframedrtpsink.obj
c:\users\chaojun_che\desktop\live555\live555\livemedia\x64\debug\mpegvideostreamparser.obj
c:\users\chaojun_che\desktop\live555\live555\livemedia\x64\debug\mpegvideostreamframer.obj
c:\users\chaojun_che\desktop\live555\live555\livemedia\x64\debug\mpeg4videostreamframer.obj
c:\users\chaojun_che\desktop\live555\live555\livemedia\x64\debug\mpeg4videostreamdiscreteframer.obj
c:\users\chaojun_che\desktop\live555\live555\livemedia\x64\debug\mpeg4videofileservermediasubsession.obj
c:\users\chaojun_che\desktop\live555\live555\livemedia\x64\debug\mpeg4latmaudiortpsource.obj
c:\users\chaojun_che\desktop\live555\live555\livemedia\x64\debug\mpeg4latmaudiortpsink.obj
c:\users\chaojun_che\desktop\live555\live555\livemedia\x64\debug\mpeg4genericrtpsource.obj
c:\users\chaojun_che\desktop\live555\live555\livemedia\x64\debug\sipclient.obj
c:\users\chaojun_che\desktop\live555\live555\livemedia\x64\debug\simplertpsource.obj
c:\users\chaojun_che\desktop\live555\live555\livemedia\x64\debug\simplertpsink.obj
c:\users\chaojun_che\desktop\live555\live555\livemedia\x64\debug\servermediasession.obj
c:\users\chaojun_che\desktop\live555\live555\livemedia\x64\debug\rtspserversupportinghttpstreaming.obj
c:\users\chaojun_che\desktop\live555\live555\livemedia\x64\debug\rtspserverregister.obj
c:\users\chaojun_che\desktop\live555\live555\livemedia\x64\debug\rtspserver.obj
c:\users\chaojun_che\desktop\live555\live555\livemedia\x64\debug\rtspregistersender.obj
c:\users\chaojun_che\desktop\live555\live555\livemedia\x64\debug\rtspcommon.obj
c:\users\chaojun_che\desktop\live555\live555\livemedia\x64\debug\rtspclient.obj
c:\users\chaojun_che\desktop\live555\live555\livemedia\x64\debug\rtpsource.obj
c:\users\chaojun_che\desktop\live555\live555\livemedia\x64\debug\rtpsink.obj
c:\users\chaojun_che\desktop\live555\live555\livemedia\x64\debug\rtpinterface.obj
c:\users\chaojun_che\desktop\live555\live555\livemedia\x64\debug\rtcp.obj
c:\users\chaojun_che\desktop\live555\live555\livemedia\x64\debug\rawvideortpsource.obj
c:\users\chaojun_che\desktop\live555\live555\livemedia\x64\debug\rawvideortpsink.obj
c:\users\chaojun_che\desktop\live555\live555\livemedia\x64\debug\quicktimegenericrtpsource.obj
c:\users\chaojun_che\desktop\live555\live555\livemedia\x64\debug\quicktimefilesink.obj
c:\users\chaojun_che\desktop\live555\live555\livemedia\x64\debug\qcelpaudiortpsource.obj
c:\users\chaojun_che\desktop\live555\live555\livemedia\x64\debug\proxyservermediasession.obj
c:\users\chaojun_che\desktop\live555\live555\livemedia\x64\debug\wavaudiofilesource.obj
c:\users\chaojun_che\desktop\live555\live555\livemedia\x64\debug\wavaudiofileservermediasubsession.obj
c:\users\chaojun_che\desktop\live555\live555\livemedia\x64\debug\vp9videortpsource.obj
c:\users\chaojun_che\desktop\live555\live555\livemedia\x64\debug\vp9videortpsink.obj
c:\users\chaojun_che\desktop\live555\live555\livemedia\x64\debug\vp8videortpsource.obj
c:\users\chaojun_che\desktop\live555\live555\livemedia\x64\debug\vp8videortpsink.obj
c:\users\chaojun_che\desktop\live555\live555\livemedia\x64\debug\vorbisaudiortpsource.obj
c:\users\chaojun_che\desktop\live555\live555\livemedia\x64\debug\vorbisaudiortpsink.obj
c:\users\chaojun_che\desktop\live555\live555\livemedia\x64\debug\videortpsink.obj
c:\users\chaojun_che\desktop\live555\live555\livemedia\x64\debug\ulawaudiofilter.obj
c:\users\chaojun_che\desktop\live555\live555\livemedia\x64\debug\theoravideortpsource.obj
c:\users\chaojun_che\desktop\live555\live555\livemedia\x64\debug\theoravideortpsink.obj
c:\users\chaojun_che\desktop\live555\live555\livemedia\x64\debug\textrtpsink.obj
c:\users\chaojun_che\desktop\live555\live555\livemedia\x64\debug\tcpstreamsink.obj
c:\users\chaojun_che\desktop\live555\live555\livemedia\x64\debug\t140textrtpsink.obj
c:\users\chaojun_che\desktop\live555\live555\livemedia\x64\debug\streamreplicator.obj
c:\users\chaojun_che\desktop\live555\live555\livemedia\x64\debug\streamparser.obj
c:\users\chaojun_che\desktop\live555\live555\livemedia\x64\debug\rtcp_from_spec.obj
c:\users\chaojun_che\desktop\ipcamera\live555\live555\livemedia\x64\debug\livemedia.pch
c:\users\chaojun_che\desktop\ipcamera\live555\live555\livemedia\x64\debug\livemedia.pdb
c:\users\chaojun_che\desktop\ipcamera\live555\live555\livemedia\x64\debug\livemedia.idb
c:\users\chaojun_che\desktop\ipcamera\live555\live555\livemedia\x64\debug\stdafx.obj
c:\users\chaojun_che\desktop\ipcamera\live555\live555\livemedia\x64\debug\mp3adudescriptor.obj
c:\users\chaojun_che\desktop\ipcamera\live555\live555\livemedia\x64\debug\mp3aduinterleaving.obj
c:\users\chaojun_che\desktop\ipcamera\live555\live555\livemedia\x64\debug\mp3adurtpsink.obj
c:\users\chaojun_che\desktop\ipcamera\live555\live555\livemedia\x64\debug\mp3adurtpsource.obj
c:\users\chaojun_che\desktop\ipcamera\live555\live555\livemedia\x64\debug\mp3adutranscoder.obj
c:\users\chaojun_che\desktop\ipcamera\live555\live555\livemedia\x64\debug\mp3audiofileservermediasubsession.obj
c:\users\chaojun_che\desktop\ipcamera\live555\live555\livemedia\x64\debug\mp3audiomatroskafileservermediasubsession.obj
c:\users\chaojun_che\desktop\live555\live555\x64\debug\livemedia.lib
c:\users\chaojun_che\desktop\ipcamera\live555\live555\livemedia\x64\debug\ac3audiofileservermediasubsession.obj
c:\users\chaojun_che\desktop\ipcamera\live555\live555\livemedia\x64\debug\ac3audiortpsink.obj
c:\users\chaojun_che\desktop\ipcamera\live555\live555\livemedia\x64\debug\ac3audiortpsource.obj
c:\users\chaojun_che\desktop\ipcamera\live555\live555\livemedia\x64\debug\ac3audiostreamframer.obj
c:\users\chaojun_che\desktop\ipcamera\live555\live555\livemedia\x64\debug\adtsaudiofileservermediasubsession.obj
c:\users\chaojun_che\desktop\ipcamera\live555\live555\livemedia\x64\debug\adtsaudiofilesource.obj
c:\users\chaojun_che\desktop\ipcamera\live555\live555\livemedia\x64\debug\amraudiofileservermediasubsession.obj
c:\users\chaojun_che\desktop\ipcamera\live555\live555\livemedia\x64\debug\amraudiofilesink.obj
c:\users\chaojun_che\desktop\ipcamera\live555\live555\livemedia\x64\debug\amraudiofilesource.obj
c:\users\chaojun_che\desktop\ipcamera\live555\live555\livemedia\x64\debug\amraudiortpsink.obj
c:\users\chaojun_che\desktop\ipcamera\live555\live555\livemedia\x64\debug\amraudiortpsource.obj
c:\users\chaojun_che\desktop\ipcamera\live555\live555\livemedia\x64\debug\amraudiosource.obj
c:\users\chaojun_che\desktop\ipcamera\live555\live555\livemedia\x64\debug\audioinputdevice.obj
c:\users\chaojun_che\desktop\ipcamera\live555\live555\livemedia\x64\debug\audiortpsink.obj
c:\users\chaojun_che\desktop\ipcamera\live555\live555\livemedia\x64\debug\avifilesink.obj
c:\users\chaojun_che\desktop\ipcamera\live555\live555\livemedia\x64\debug\base64.obj
c:\users\chaojun_che\desktop\ipcamera\live555\live555\livemedia\x64\debug\basicudpsink.obj
c:\users\chaojun_che\desktop\ipcamera\live555\live555\livemedia\x64\debug\basicudpsource.obj
c:\users\chaojun_che\desktop\ipcamera\live555\live555\livemedia\x64\debug\bitvector.obj
c:\users\chaojun_che\desktop\ipcamera\live555\live555\livemedia\x64\debug\bytestreamfilesource.obj
c:\users\chaojun_che\desktop\ipcamera\live555\live555\livemedia\x64\debug\bytestreammemorybuffersource.obj
c:\users\chaojun_che\desktop\ipcamera\live555\live555\livemedia\x64\debug\bytestreammultifilesource.obj
c:\users\chaojun_che\desktop\ipcamera\live555\live555\livemedia\x64\debug\devicesource.obj
c:\users\chaojun_che\desktop\ipcamera\live555\live555\livemedia\x64\debug\digestauthentication.obj
c:\users\chaojun_che\desktop\ipcamera\live555\live555\livemedia\x64\debug\dvvideofileservermediasubsession.obj
c:\users\chaojun_che\desktop\ipcamera\live555\live555\livemedia\x64\debug\dvvideortpsink.obj
c:\users\chaojun_che\desktop\ipcamera\live555\live555\livemedia\x64\debug\dvvideortpsource.obj
c:\users\chaojun_che\desktop\ipcamera\live555\live555\livemedia\x64\debug\dvvideostreamframer.obj
c:\users\chaojun_che\desktop\ipcamera\live555\live555\livemedia\x64\debug\ebmlnumber.obj
c:\users\chaojun_che\desktop\ipcamera\live555\live555\livemedia\x64\debug\fileservermediasubsession.obj
c:\users\chaojun_che\desktop\ipcamera\live555\live555\livemedia\x64\debug\filesink.obj
c:\users\chaojun_che\desktop\ipcamera\live555\live555\livemedia\x64\debug\framedfilesource.obj
c:\users\chaojun_che\desktop\ipcamera\live555\live555\livemedia\x64\debug\framedfilter.obj
c:\users\chaojun_che\desktop\ipcamera\live555\live555\livemedia\x64\debug\framedsource.obj
c:\users\chaojun_che\desktop\ipcamera\live555\live555\livemedia\x64\debug\genericmediaserver.obj
c:\users\chaojun_che\desktop\ipcamera\live555\live555\livemedia\x64\debug\gsmaudiortpsink.obj
c:\users\chaojun_che\desktop\ipcamera\live555\live555\livemedia\x64\debug\h261videortpsource.obj
c:\users\chaojun_che\desktop\ipcamera\live555\live555\livemedia\x64\debug\h263plusvideofileservermediasubsession.obj
c:\users\chaojun_che\desktop\ipcamera\live555\live555\livemedia\x64\debug\h263plusvideortpsink.obj
c:\users\chaojun_che\desktop\ipcamera\live555\live555\livemedia\x64\debug\h263plusvideortpsource.obj
c:\users\chaojun_che\desktop\ipcamera\live555\live555\livemedia\x64\debug\h263plusvideostreamframer.obj
c:\users\chaojun_che\desktop\ipcamera\live555\live555\livemedia\x64\debug\h263plusvideostreamparser.obj
c:\users\chaojun_che\desktop\ipcamera\live555\live555\livemedia\x64\debug\h264or5videofilesink.obj
c:\users\chaojun_che\desktop\ipcamera\live555\live555\livemedia\x64\debug\h264or5videortpsink.obj
c:\users\chaojun_che\desktop\ipcamera\live555\live555\livemedia\x64\debug\h264or5videostreamdiscreteframer.obj
c:\users\chaojun_che\desktop\ipcamera\live555\live555\livemedia\x64\debug\h264or5videostreamframer.obj
c:\users\chaojun_che\desktop\ipcamera\live555\live555\livemedia\x64\debug\h264videofileservermediasubsession.obj
c:\users\chaojun_che\desktop\ipcamera\live555\live555\livemedia\x64\debug\h264videofilesink.obj
c:\users\chaojun_che\desktop\ipcamera\live555\live555\livemedia\x64\debug\h264videortpsink.obj
c:\users\chaojun_che\desktop\ipcamera\live555\live555\livemedia\x64\debug\h264videortpsource.obj
c:\users\chaojun_che\desktop\ipcamera\live555\live555\livemedia\x64\debug\h264videostreamdiscreteframer.obj
c:\users\chaojun_che\desktop\ipcamera\live555\live555\livemedia\x64\debug\h264videostreamframer.obj
c:\users\chaojun_che\desktop\ipcamera\live555\live555\livemedia\x64\debug\h265videofileservermediasubsession.obj
c:\users\chaojun_che\desktop\ipcamera\live555\live555\livemedia\x64\debug\h265videofilesink.obj
c:\users\chaojun_che\desktop\ipcamera\live555\live555\livemedia\x64\debug\h265videortpsink.obj
c:\users\chaojun_che\desktop\ipcamera\live555\live555\livemedia\x64\debug\h265videortpsource.obj
c:\users\chaojun_che\desktop\ipcamera\live555\live555\livemedia\x64\debug\h265videostreamdiscreteframer.obj
c:\users\chaojun_che\desktop\ipcamera\live555\live555\livemedia\x64\debug\h265videostreamframer.obj
c:\users\chaojun_che\desktop\ipcamera\live555\live555\livemedia\x64\debug\hlssegmenter.obj
c:\users\chaojun_che\desktop\ipcamera\live555\live555\livemedia\x64\debug\inputfile.obj
c:\users\chaojun_che\desktop\ipcamera\live555\live555\livemedia\x64\debug\jpeg2000videortpsink.obj
c:\users\chaojun_che\desktop\ipcamera\live555\live555\livemedia\x64\debug\jpeg2000videortpsource.obj
c:\users\chaojun_che\desktop\ipcamera\live555\live555\livemedia\x64\debug\jpegvideortpsink.obj
c:\users\chaojun_che\desktop\ipcamera\live555\live555\livemedia\x64\debug\jpegvideortpsource.obj
c:\users\chaojun_che\desktop\ipcamera\live555\live555\livemedia\x64\debug\jpegvideosource.obj
c:\users\chaojun_che\desktop\ipcamera\live555\live555\livemedia\x64\debug\locale.obj
c:\users\chaojun_che\desktop\ipcamera\live555\live555\livemedia\x64\debug\matroskademuxedtrack.obj
c:\users\chaojun_che\desktop\ipcamera\live555\live555\livemedia\x64\debug\matroskafile.obj
c:\users\chaojun_che\desktop\ipcamera\live555\live555\livemedia\x64\debug\matroskafileparser.obj
c:\users\chaojun_che\desktop\ipcamera\live555\live555\livemedia\x64\debug\matroskafileserverdemux.obj
c:\users\chaojun_che\desktop\ipcamera\live555\live555\livemedia\x64\debug\matroskafileservermediasubsession.obj
c:\users\chaojun_che\desktop\ipcamera\live555\live555\livemedia\x64\debug\media.obj
c:\users\chaojun_che\desktop\ipcamera\live555\live555\livemedia\x64\debug\mediasession.obj
c:\users\chaojun_che\desktop\ipcamera\live555\live555\livemedia\x64\debug\mediasink.obj
c:\users\chaojun_che\desktop\ipcamera\live555\live555\livemedia\x64\debug\mediasource.obj
c:\users\chaojun_che\desktop\ipcamera\live555\live555\livemedia\x64\debug\mp3adu.obj
c:\users\chaojun_che\desktop\ipcamera\live555\live555\livemedia\x64\debug\mp3filesource.obj
c:\users\chaojun_che\desktop\ipcamera\live555\live555\livemedia\x64\debug\mp3internals.obj
c:\users\chaojun_che\desktop\ipcamera\live555\live555\livemedia\x64\debug\mp3internalshuffman.obj
c:\users\chaojun_che\desktop\ipcamera\live555\live555\livemedia\x64\debug\mp3internalshuffmantable.obj
c:\users\chaojun_che\desktop\ipcamera\live555\live555\livemedia\x64\debug\mp3streamstate.obj
c:\users\chaojun_che\desktop\ipcamera\live555\live555\livemedia\x64\debug\mp3transcoder.obj
c:\users\chaojun_che\desktop\ipcamera\live555\live555\livemedia\x64\debug\mpeg1or2audiortpsink.obj
c:\users\chaojun_che\desktop\ipcamera\live555\live555\livemedia\x64\debug\mpeg1or2audiortpsource.obj
c:\users\chaojun_che\desktop\ipcamera\live555\live555\livemedia\x64\debug\mpeg1or2audiostreamframer.obj
c:\users\chaojun_che\desktop\ipcamera\live555\live555\livemedia\x64\debug\mpeg1or2demux.obj
c:\users\chaojun_che\desktop\ipcamera\live555\live555\livemedia\x64\debug\mpeg1or2demuxedelementarystream.obj
c:\users\chaojun_che\desktop\ipcamera\live555\live555\livemedia\x64\debug\mpeg1or2demuxedservermediasubsession.obj
c:\users\chaojun_che\desktop\ipcamera\live555\live555\livemedia\x64\debug\mpeg1or2fileserverdemux.obj
c:\users\chaojun_che\desktop\ipcamera\live555\live555\livemedia\x64\debug\mpeg1or2videofileservermediasubsession.obj
c:\users\chaojun_che\desktop\ipcamera\live555\live555\livemedia\x64\debug\mpeg1or2videortpsink.obj
c:\users\chaojun_che\desktop\ipcamera\live555\live555\livemedia\x64\debug\mpeg1or2videortpsource.obj
c:\users\chaojun_che\desktop\ipcamera\live555\live555\livemedia\x64\debug\mpeg1or2videostreamdiscreteframer.obj
c:\users\chaojun_che\desktop\ipcamera\live555\live555\livemedia\x64\debug\mpeg1or2videostreamframer.obj
c:\users\chaojun_che\desktop\ipcamera\live555\live555\livemedia\x64\debug\mpeg2indexfromtransportstream.obj
c:\users\chaojun_che\desktop\ipcamera\live555\live555\livemedia\x64\debug\mpeg2transportfileservermediasubsession.obj
c:\users\chaojun_che\desktop\ipcamera\live555\live555\livemedia\x64\debug\mpeg2transportstreamaccumulator.obj
c:\users\chaojun_che\desktop\ipcamera\live555\live555\livemedia\x64\debug\mpeg2transportstreamdemux.obj
c:\users\chaojun_che\desktop\ipcamera\live555\live555\livemedia\x64\debug\mpeg2transportstreamdemuxedtrack.obj
c:\users\chaojun_che\desktop\ipcamera\live555\live555\livemedia\x64\debug\mpeg2transportstreamframer.obj
c:\users\chaojun_che\desktop\ipcamera\live555\live555\livemedia\x64\debug\mpeg2transportstreamfromessource.obj
c:\users\chaojun_che\desktop\ipcamera\live555\live555\livemedia\x64\debug\mpeg2transportstreamfrompessource.obj
c:\users\chaojun_che\desktop\ipcamera\live555\live555\livemedia\x64\debug\mpeg2transportstreamindexfile.obj
c:\users\chaojun_che\desktop\ipcamera\live555\live555\livemedia\x64\debug\mpeg2transportstreammultiplexor.obj
c:\users\chaojun_che\desktop\ipcamera\live555\live555\livemedia\x64\debug\mpeg2transportstreamparser.obj
c:\users\chaojun_che\desktop\ipcamera\live555\live555\livemedia\x64\debug\mpeg2transportstreamparser_pat.obj
c:\users\chaojun_che\desktop\ipcamera\live555\live555\livemedia\x64\debug\mpeg2transportstreamparser_pmt.obj
c:\users\chaojun_che\desktop\ipcamera\live555\live555\livemedia\x64\debug\mpeg2transportstreamparser_stream.obj
c:\users\chaojun_che\desktop\ipcamera\live555\live555\livemedia\x64\debug\mpeg2transportstreamtrickmodefilter.obj
c:\users\chaojun_che\desktop\ipcamera\live555\live555\livemedia\x64\debug\mpeg2transportudpservermediasubsession.obj
c:\users\chaojun_che\desktop\ipcamera\live555\live555\livemedia\x64\debug\mpeg4esvideortpsink.obj
c:\users\chaojun_che\desktop\ipcamera\live555\live555\livemedia\x64\debug\mpeg4esvideortpsource.obj
c:\users\chaojun_che\desktop\ipcamera\live555\live555\livemedia\x64\debug\mpeg4genericrtpsink.obj
c:\users\chaojun_che\desktop\ipcamera\live555\live555\livemedia\x64\debug\mpeg4genericrtpsource.obj
c:\users\chaojun_che\desktop\ipcamera\live555\live555\livemedia\x64\debug\mpeg4latmaudiortpsink.obj
c:\users\chaojun_che\desktop\ipcamera\live555\live555\livemedia\x64\debug\mpeg4latmaudiortpsource.obj
c:\users\chaojun_che\desktop\ipcamera\live555\live555\livemedia\x64\debug\mpeg4videofileservermediasubsession.obj
c:\users\chaojun_che\desktop\ipcamera\live555\live555\livemedia\x64\debug\mpeg4videostreamdiscreteframer.obj
c:\users\chaojun_che\desktop\ipcamera\live555\live555\livemedia\x64\debug\mpeg4videostreamframer.obj
c:\users\chaojun_che\desktop\ipcamera\live555\live555\livemedia\x64\debug\mpegvideostreamframer.obj
c:\users\chaojun_che\desktop\ipcamera\live555\live555\livemedia\x64\debug\mpegvideostreamparser.obj
c:\users\chaojun_che\desktop\ipcamera\live555\live555\livemedia\x64\debug\multiframedrtpsink.obj
c:\users\chaojun_che\desktop\ipcamera\live555\live555\livemedia\x64\debug\multiframedrtpsource.obj
c:\users\chaojun_che\desktop\ipcamera\live555\live555\livemedia\x64\debug\oggdemuxedtrack.obj
c:\users\chaojun_che\desktop\ipcamera\live555\live555\livemedia\x64\debug\oggfile.obj
c:\users\chaojun_che\desktop\ipcamera\live555\live555\livemedia\x64\debug\oggfileparser.obj
c:\users\chaojun_che\desktop\ipcamera\live555\live555\livemedia\x64\debug\oggfileserverdemux.obj
c:\users\chaojun_che\desktop\ipcamera\live555\live555\livemedia\x64\debug\oggfileservermediasubsession.obj
c:\users\chaojun_che\desktop\ipcamera\live555\live555\livemedia\x64\debug\oggfilesink.obj
c:\users\chaojun_che\desktop\ipcamera\live555\live555\livemedia\x64\debug\ondemandservermediasubsession.obj
c:\users\chaojun_che\desktop\ipcamera\live555\live555\livemedia\x64\debug\ourmd5.obj
c:\users\chaojun_che\desktop\ipcamera\live555\live555\livemedia\x64\debug\outputfile.obj
c:\users\chaojun_che\desktop\ipcamera\live555\live555\livemedia\x64\debug\passiveservermediasubsession.obj
c:\users\chaojun_che\desktop\ipcamera\live555\live555\livemedia\x64\debug\proxyservermediasession.obj
c:\users\chaojun_che\desktop\ipcamera\live555\live555\livemedia\x64\debug\qcelpaudiortpsource.obj
c:\users\chaojun_che\desktop\ipcamera\live555\live555\livemedia\x64\debug\quicktimefilesink.obj
c:\users\chaojun_che\desktop\ipcamera\live555\live555\livemedia\x64\debug\quicktimegenericrtpsource.obj
c:\users\chaojun_che\desktop\ipcamera\live555\live555\livemedia\x64\debug\rawvideortpsink.obj
c:\users\chaojun_che\desktop\ipcamera\live555\live555\livemedia\x64\debug\rawvideortpsource.obj
c:\users\chaojun_che\desktop\ipcamera\live555\live555\livemedia\x64\debug\rtcp.obj
c:\users\chaojun_che\desktop\ipcamera\live555\live555\livemedia\x64\debug\rtcp_from_spec.obj
c:\users\chaojun_che\desktop\ipcamera\live555\live555\livemedia\x64\debug\rtpinterface.obj
c:\users\chaojun_che\desktop\ipcamera\live555\live555\livemedia\x64\debug\rtpsink.obj
c:\users\chaojun_che\desktop\ipcamera\live555\live555\livemedia\x64\debug\rtpsource.obj
c:\users\chaojun_che\desktop\ipcamera\live555\live555\livemedia\x64\debug\rtspclient.obj
c:\users\chaojun_che\desktop\ipcamera\live555\live555\livemedia\x64\debug\rtspcommon.obj
c:\users\chaojun_che\desktop\ipcamera\live555\live555\livemedia\x64\debug\rtspregistersender.obj
c:\users\chaojun_che\desktop\ipcamera\live555\live555\livemedia\x64\debug\rtspserver.obj
c:\users\chaojun_che\desktop\ipcamera\live555\live555\livemedia\x64\debug\rtspserverregister.obj
c:\users\chaojun_che\desktop\ipcamera\live555\live555\livemedia\x64\debug\rtspserversupportinghttpstreaming.obj
c:\users\chaojun_che\desktop\ipcamera\live555\live555\livemedia\x64\debug\servermediasession.obj
c:\users\chaojun_che\desktop\ipcamera\live555\live555\livemedia\x64\debug\simplertpsink.obj
c:\users\chaojun_che\desktop\ipcamera\live555\live555\livemedia\x64\debug\simplertpsource.obj
c:\users\chaojun_che\desktop\ipcamera\live555\live555\livemedia\x64\debug\sipclient.obj
c:\users\chaojun_che\desktop\ipcamera\live555\live555\livemedia\x64\debug\streamparser.obj
c:\users\chaojun_che\desktop\ipcamera\live555\live555\livemedia\x64\debug\streamreplicator.obj
c:\users\chaojun_che\desktop\ipcamera\live555\live555\livemedia\x64\debug\t140textrtpsink.obj
c:\users\chaojun_che\desktop\ipcamera\live555\live555\livemedia\x64\debug\tcpstreamsink.obj
c:\users\chaojun_che\desktop\ipcamera\live555\live555\livemedia\x64\debug\textrtpsink.obj
c:\users\chaojun_che\desktop\ipcamera\live555\live555\livemedia\x64\debug\theoravideortpsink.obj
c:\users\chaojun_che\desktop\ipcamera\live555\live555\livemedia\x64\debug\theoravideortpsource.obj
c:\users\chaojun_che\desktop\ipcamera\live555\live555\livemedia\x64\debug\ulawaudiofilter.obj
c:\users\chaojun_che\desktop\ipcamera\live555\live555\livemedia\x64\debug\videortpsink.obj
c:\users\chaojun_che\desktop\ipcamera\live555\live555\livemedia\x64\debug\vorbisaudiortpsink.obj
c:\users\chaojun_che\desktop\ipcamera\live555\live555\livemedia\x64\debug\vorbisaudiortpsource.obj
c:\users\chaojun_che\desktop\ipcamera\live555\live555\livemedia\x64\debug\vp8videortpsink.obj
c:\users\chaojun_che\desktop\ipcamera\live555\live555\livemedia\x64\debug\vp8videortpsource.obj
c:\users\chaojun_che\desktop\ipcamera\live555\live555\livemedia\x64\debug\vp9videortpsink.obj
c:\users\chaojun_che\desktop\ipcamera\live555\live555\livemedia\x64\debug\vp9videortpsource.obj
c:\users\chaojun_che\desktop\ipcamera\live555\live555\livemedia\x64\debug\wavaudiofileservermediasubsession.obj
c:\users\chaojun_che\desktop\ipcamera\live555\live555\livemedia\x64\debug\wavaudiofilesource.obj
c:\users\chaojun_che\desktop\ipcamera\live555\live555\x64\debug\livemedia.pdb
c:\users\chaojun_che\desktop\ipcamera\live555\live555\x64\debug\livemedia.lib
c:\users\chaojun_che\desktop\ipcamera\live555\live555\livemedia\x64\debug\livemedia.tlog\cl.command.1.tlog
c:\users\chaojun_che\desktop\ipcamera\live555\live555\livemedia\x64\debug\livemedia.tlog\cl.read.1.tlog
c:\users\chaojun_che\desktop\ipcamera\live555\live555\livemedia\x64\debug\livemedia.tlog\cl.write.1.tlog
c:\users\chaojun_che\desktop\ipcamera\live555\live555\livemedia\x64\debug\livemedia.tlog\lib-link.read.1.tlog
c:\users\chaojun_che\desktop\ipcamera\live555\live555\livemedia\x64\debug\livemedia.tlog\lib-link.write.1.tlog
c:\users\chaojun_che\desktop\ipcamera\live555\live555\livemedia\x64\debug\livemedia.tlog\lib.command.1.tlog
